<?xml version="1.0" encoding="UTF-8"?>
<testng-results ignored="0" total="1" passed="1" failed="0" skipped="0">
  <reporter-output>
  </reporter-output>
  <suite started-at="2022-08-28T17:28:05 IST" name="Suite" finished-at="2022-08-28T17:28:11 IST" duration-ms="6095">
    <groups>
    </groups>
    <test started-at="2022-08-28T17:28:05 IST" name="Test" finished-at="2022-08-28T17:28:11 IST" duration-ms="6095">
      <class name="week7.testcases.Login">
        <test-method is-config="true" signature="startReport()[pri:0, instance:week7.testcases.Login@451001e5]" started-at="2022-08-28T17:28:05 IST" name="startReport" finished-at="2022-08-28T17:28:05 IST" duration-ms="185" status="PASS">
          <reporter-output>
          </reporter-output>
        </test-method> <!-- startReport -->
        <test-method is-config="true" signature="setup()[pri:0, instance:week7.testcases.Login@451001e5]" started-at="2022-08-28T17:28:05 IST" name="setup" finished-at="2022-08-28T17:28:05 IST" duration-ms="0" status="PASS">
          <reporter-output>
          </reporter-output>
        </test-method> <!-- setup -->
        <test-method is-config="true" signature="testCaseDetail()[pri:0, instance:week7.testcases.Login@451001e5]" started-at="2022-08-28T17:28:05 IST" name="testCaseDetail" finished-at="2022-08-28T17:28:05 IST" duration-ms="11" status="PASS">
          <reporter-output>
          </reporter-output>
        </test-method> <!-- testCaseDetail -->
        <test-method is-config="true" signature="launchBrowser()[pri:0, instance:week7.testcases.Login@451001e5]" started-at="2022-08-28T17:28:06 IST" name="launchBrowser" finished-at="2022-08-28T17:28:10 IST" duration-ms="3895" status="PASS">
          <reporter-output>
          </reporter-output>
        </test-method> <!-- launchBrowser -->
        <test-method signature="runLogin(java.lang.String,java.lang.String)[pri:0, instance:week7.testcases.Login@451001e5]" started-at="2022-08-28T17:28:10 IST" name="runLogin" data-provider="fetch" finished-at="2022-08-28T17:28:11 IST" duration-ms="1148" status="PASS">
          <params>
            <param index="0">
              <value>
                <![CDATA[demosalesmanager]]>
              </value>
            </param>
            <param index="1">
              <value>
                <![CDATA[crmsfa]]>
              </value>
            </param>
          </params>
          <reporter-output>
          </reporter-output>
        </test-method> <!-- runLogin -->
        <test-method is-config="true" signature="closeBroweser()[pri:0, instance:week7.testcases.Login@451001e5]" started-at="2022-08-28T17:28:11 IST" name="closeBroweser" finished-at="2022-08-28T17:28:11 IST" duration-ms="0" status="PASS">
          <reporter-output>
          </reporter-output>
        </test-method> <!-- closeBroweser -->
        <test-method is-config="true" signature="stopReport()[pri:0, instance:week7.testcases.Login@451001e5]" started-at="2022-08-28T17:28:11 IST" name="stopReport" finished-at="2022-08-28T17:28:11 IST" duration-ms="256" status="PASS">
          <reporter-output>
          </reporter-output>
        </test-method> <!-- stopReport -->
      </class> <!-- week7.testcases.Login -->
    </test> <!-- Test -->
  </suite> <!-- Suite -->
</testng-results>
